c:\users\kamo\documents\visual studio 2015\projects\labirynt\labirynt\release\vc140.pdb
c:\users\kamo\documents\visual studio 2015\projects\labirynt\labirynt\release\.netframework,version=v4.5.2.assemblyattributes.obj
c:\users\kamo\documents\visual studio 2015\projects\labirynt\labirynt\release\.netframework,version=v4.5.2.assemblyattributes.asm
c:\users\kamo\documents\visual studio 2015\projects\labirynt\labirynt\release\myform.obj
c:\users\kamo\documents\visual studio 2015\projects\labirynt\labirynt\release\labirynt.myform.resources
c:\c\uj\uj4\projektowanie mechaniki gier wideo - jan argasiński\labirynt\labirynt\release\labirynt.vcxproj.generateresource.cache
c:\c\uj\uj4\projektowanie mechaniki gier wideo - jan argasiński\labirynt\labirynt\release\.netframework,version=v4.5.2.assemblyattributes.obj
c:\c\uj\uj4\projektowanie mechaniki gier wideo - jan argasiński\labirynt\labirynt\release\myform.obj
c:\c\uj\uj4\projektowanie mechaniki gier wideo - jan argasiński\labirynt\labirynt\release\labirynt.myform.resources
c:\c\uj\uj4\projektowanie mechaniki gier wideo - jan argasiński\labirynt\labirynt\release\vc140.pdb
c:\c\uj\uj4\projektowanie mechaniki gier wideo - jan argasiński\labirynt\labirynt\release\labirynt.tlog\cl.command.1.tlog
c:\c\uj\uj4\projektowanie mechaniki gier wideo - jan argasiński\labirynt\labirynt\release\labirynt.tlog\cl.read.1.tlog
c:\c\uj\uj4\projektowanie mechaniki gier wideo - jan argasiński\labirynt\labirynt\release\labirynt.tlog\cl.write.1.tlog
c:\c\uj\uj4\projektowanie mechaniki gier wideo - jan argasiński\labirynt\labirynt\release\labirynt.tlog\labirynt.write.1u.tlog
c:\c\uj\uj4\projektowanie mechaniki gier wideo - jan argasiński\labirynt\labirynt\release\labirynt.tlog\link.command.1.tlog
c:\c\uj\uj4\projektowanie mechaniki gier wideo - jan argasiński\labirynt\labirynt\release\labirynt.tlog\link.read.1.tlog
c:\c\uj\uj4\projektowanie mechaniki gier wideo - jan argasiński\labirynt\labirynt\release\labirynt.tlog\link.write.1.tlog
c:\c\uj\uj4\projektowanie mechaniki gier wideo - jan argasiński\labirynt\labirynt\release\labirynt.tlog\metagen.read.1.tlog
c:\c\uj\uj4\projektowanie mechaniki gier wideo - jan argasiński\labirynt\labirynt\release\labirynt.tlog\metagen.write.1.tlog
c:\c\uj\uj4\projektowanie mechaniki gier wideo - jan argasiński\labirynt\labirynt\release\labirynt.tlog\rsaenh.dll.bi
c:\c\uj\uj4\projektowanie mechaniki gier wideo - jan argasiński\labirynt\labirynt\release\labirynt.tlog\tzres.dll.bi
